<?xml version="1.0" encoding="UTF-8"?>
<!-- Generated by org.testng.reporters.JUnitXMLReporter -->
<testsuite ignored="0" hostname="LP-PF1VPELT" failures="0" tests="4" name="Page Object Model using By and TestNG" time="11.887" errors="0" timestamp="01 May 2021 17:53:28 GMT">
  <testcase classname="quickstart.Tests.DemoTest" name="GoogleSearch_Facebook" time="2.445"/>
  <testcase classname="quickstart.Tests.DemoTest" name="GoogleSearch_LinkedIn" time="2.412"/>
  <testcase classname="quickstart.Tests.DemoTest" name="GoogleSearch_Twitter" time="2.56"/>
  <testcase classname="quickstart.Tests.DemoTest" name="GoogleSearch_automationScript" time="1.941"/>
</testsuite> <!-- Page Object Model using By and TestNG -->
